[debug] [2022-11-04T05:13:59.677Z] ----------------------------------------------------------------------
[debug] [2022-11-04T05:13:59.679Z] Command:       C:\Program Files\nodejs\node.exe C:\Users\Kunal Gupta\AppData\Roaming\npm\node_modules\firebase-tools\lib\bin\firebase.js init
[debug] [2022-11-04T05:13:59.680Z] CLI Version:   11.16.0
[debug] [2022-11-04T05:13:59.680Z] Platform:      win32
[debug] [2022-11-04T05:13:59.680Z] Node Version:  v16.17.0
[debug] [2022-11-04T05:13:59.681Z] Time:          Fri Nov 04 2022 10:43:59 GMT+0530 (India Standard Time)
[debug] [2022-11-04T05:13:59.681Z] ----------------------------------------------------------------------
[debug] 
[debug] [2022-11-04T05:13:59.690Z] > command requires scopes: ["email","openid","https://www.googleapis.com/auth/cloudplatformprojects.readonly","https://www.googleapis.com/auth/firebase","https://www.googleapis.com/auth/cloud-platform"]
[debug] [2022-11-04T05:13:59.690Z] > authorizing via signed-in user (18stucddn01019@gmail.com)
[info] 
     ######## #### ########  ######## ########     ###     ######  ########
     ##        ##  ##     ## ##       ##     ##  ##   ##  ##       ##
     ######    ##  ########  ######   ########  #########  ######  ######
     ##        ##  ##    ##  ##       ##     ## ##     ##       ## ##
     ##       #### ##     ## ######## ########  ##     ##  ######  ########

You're about to initialize a Firebase project in this directory:

  D:\Celebal-tasks\Admin Dashboard

[info] 
=== Project Setup
[info] 
[info] First, let's associate this project directory with a Firebase project.
[info] You can create multiple project aliases by running firebase use --add, 
[info] but for now we'll just set up a default project.
[info] 
[debug] [2022-11-04T05:14:12.209Z] >>> [apiv2][query] GET https://firebase.googleapis.com/v1beta1/projects pageSize=100
[debug] [2022-11-04T05:14:13.307Z] <<< [apiv2][status] GET https://firebase.googleapis.com/v1beta1/projects 200
[debug] [2022-11-04T05:14:13.308Z] <<< [apiv2][body] GET https://firebase.googleapis.com/v1beta1/projects [omitted]
[info] i  Using project admin-panel-ng (Admin-Panel-Ng) 
[info] 
=== Hosting Setup
[info] 
[info] Your public directory is the folder (relative to your project directory) that
[info] will contain Hosting assets to be uploaded with firebase deploy. If you
[info] have a build process for your assets, use your build's output directory.
[info] 
[info] +  Wrote dist/admin-dashboard/404.html 
[debug] [2022-11-04T05:14:54.812Z] >>> [apiv2][query] GET https://www.gstatic.com/firebasejs/releases.json [none]
[debug] [2022-11-04T05:14:55.331Z] <<< [apiv2][status] GET https://www.gstatic.com/firebasejs/releases.json 200
[debug] [2022-11-04T05:14:55.332Z] <<< [apiv2][body] GET https://www.gstatic.com/firebasejs/releases.json {"current":{"version":"9.13.0","browserURL":"https://www.gstatic.com/firebasejs/9.13.0/firebase.js","packageURL":"https://www.gstatic.com/firebasejs/9.13.0/firebase.tgz"},"live":{"version":"9.13","browserURL":"https://www.gstatic.com/firebasejs/live/9.13/firebase.js","packageURL":"https://www.gstatic.com/firebasejs/live/9.13/firebase.tgz"},"components":{"analytics":"https://www.gstatic.com/firebasejs/9.13.0/firebase-analytics.js","app":"https://www.gstatic.com/firebasejs/9.13.0/firebase-app.js","app-check":"https://www.gstatic.com/firebasejs/9.13.0/firebase-app-check.js","auth":"https://www.gstatic.com/firebasejs/9.13.0/firebase-auth.js","auth/cordova":"https://www.gstatic.com/firebasejs/9.13.0/firebase-auth/cordova.js","auth/react-native":"https://www.gstatic.com/firebasejs/9.13.0/firebase-auth/react-native.js","functions":"https://www.gstatic.com/firebasejs/9.13.0/firebase-functions.js","firestore":"https://www.gstatic.com/firebasejs/9.13.0/firebase-firestore.js","firestore/lite":"https://www.gstatic.com/firebasejs/9.13.0/firebase-firestore/lite.js","installations":"https://www.gstatic.com/firebasejs/9.13.0/firebase-installations.js","storage":"https://www.gstatic.com/firebasejs/9.13.0/firebase-storage.js","performance":"https://www.gstatic.com/firebasejs/9.13.0/firebase-performance.js","remote-config":"https://www.gstatic.com/firebasejs/9.13.0/firebase-remote-config.js","messaging":"https://www.gstatic.com/firebasejs/9.13.0/firebase-messaging.js","messaging/sw":"https://www.gstatic.com/firebasejs/9.13.0/firebase-messaging/sw.js","database":"https://www.gstatic.com/firebasejs/9.13.0/firebase-database.js","firestore.memory":"https://www.gstatic.com/firebasejs/9.13.0/firebase-firestore.memory.js"}}
[info] i  Skipping write of dist/admin-dashboard/index.html 
[info] 
[info] i  Detected a .git folder at D:\Celebal-tasks\Admin Dashboard 
[info] i  Authorizing with GitHub to upload your service account to a GitHub repository's secrets store. 
[info] 
[info] Visit this URL on this device to log in:
[info] https://github.com/login/oauth/authorize?client_id=89cf50f02ac6aaed3484&state=508021473&redirect_uri=http%3A%2F%2Flocalhost%3A9005&scope=read%3Auser%20repo%20public_repo
[info] 
[info] Waiting for authentication...
[debug] [2022-11-04T05:15:02.738Z] >>> [apiv2][query] POST https://github.com/login/oauth/access_token [none]
[debug] [2022-11-04T05:15:02.738Z] >>> [apiv2][body] POST https://github.com/login/oauth/access_token [stream]
[debug] [2022-11-04T05:15:03.382Z] <<< [apiv2][status] POST https://github.com/login/oauth/access_token 200
[debug] [2022-11-04T05:15:03.382Z] <<< [apiv2][body] POST https://github.com/login/oauth/access_token {"access_token":"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","token_type":"bearer","scope":"read:user,repo"}
[debug] [2022-11-04T05:15:03.390Z] >>> [apiv2][query] GET https://api.github.com/user [none]
[debug] [2022-11-04T05:15:04.319Z] <<< [apiv2][status] GET https://api.github.com/user 200
[debug] [2022-11-04T05:15:04.319Z] <<< [apiv2][body] GET https://api.github.com/user {"login":"ku-nal-g","id":98161650,"node_id":"U_kgDOBdnT8g","avatar_url":"https://avatars.githubusercontent.com/u/98161650?v=4","gravatar_id":"","url":"https://api.github.com/users/ku-nal-g","html_url":"https://github.com/ku-nal-g","followers_url":"https://api.github.com/users/ku-nal-g/followers","following_url":"https://api.github.com/users/ku-nal-g/following{/other_user}","gists_url":"https://api.github.com/users/ku-nal-g/gists{/gist_id}","starred_url":"https://api.github.com/users/ku-nal-g/starred{/owner}{/repo}","subscriptions_url":"https://api.github.com/users/ku-nal-g/subscriptions","organizations_url":"https://api.github.com/users/ku-nal-g/orgs","repos_url":"https://api.github.com/users/ku-nal-g/repos","events_url":"https://api.github.com/users/ku-nal-g/events{/privacy}","received_events_url":"https://api.github.com/users/ku-nal-g/received_events","type":"User","site_admin":false,"name":"Kunal gupta","company":null,"blog":"","location":null,"email":null,"hireable":null,"bio":null,"twitter_username":null,"public_repos":20,"public_gists":0,"followers":0,"following":0,"created_at":"2022-01-21T12:04:05Z","updated_at":"2022-10-03T07:50:34Z","private_gists":0,"total_private_repos":1,"owned_private_repos":1,"disk_usage":68967,"collaborators":0,"two_factor_authentication":false,"plan":{"name":"free","space":976562499,"collaborators":0,"private_repos":10000}}
[info] 
[info] +  Success! Logged into GitHub as ku-nal-g 
[info] 
